# JRE version: OpenJDK Runtime Environment (21.0.3) (build 21.0.3+-12282718-b509.11)
# Java VM: OpenJDK 64-Bit Server VM (21.0.3+-12282718-b509.11, mixed mode, tiered, compressed oops, compressed class ptrs, g1 gc, windows-amd64)
GC Precious Log:
 CardTable entry size: 512
 Card Set container configuration: InlinePtr #cards 5 size 8 Array Of Cards #cards 12 size 40 Howl #buckets 4 coarsen threshold 1843 Howl Bitmap #cards 512 size 80 coarsen threshold 460 Card regions per heap region 1 cards per card region 2048
 CPUs: 8 total, 8 available
 Memory: 8006M
 Large Page Support: Disabled
 NUMA Support: Disabled
 Compressed Oops: Enabled (32-bit)
 Heap Region Size: 1M
 Heap Min Capacity: 8M
 Heap Initial Capacity: 126M
 Heap Max Capacity: 2G
 Pre-touch: Disabled
 Parallel Workers: 8
 Concurrent Workers: 2
 Concurrent Refinement Workers: 8
 Periodic GC: Disabled
Heap:
 garbage-first heap   total 275456K, used 181716K [0x0000000080000000, 0x0000000100000000)
  region size 1024K, 5 young (5120K), 3 survivors (3072K)
 Metaspace       used 153607K, committed 155968K, reserved 1245184K
  class space    used 19583K, committed 20800K, reserved 1048576K
GC Heap History (20 events):
Event: 64.034 GC heap before
{Heap before GC invocations=37 (full 0):
 garbage-first heap   total 227328K, used 182136K [0x0000000080000000, 0x0000000100000000)
  region size 1024K, 57 young (58368K), 8 survivors (8192K)
 Metaspace       used 116180K, committed 118208K, reserved 1179648K
  class space    used 15225K, committed 16256K, reserved 1048576K
}
Event: 64.047 GC heap after
{Heap after GC invocations=38 (full 0):
 garbage-first heap   total 227328K, used 134197K [0x0000000080000000, 0x0000000100000000)
  region size 1024K, 7 young (7168K), 7 survivors (7168K)
 Metaspace       used 116180K, committed 118208K, reserved 1179648K
  class space    used 15225K, committed 16256K, reserved 1048576K
}
Event: 70.629 GC heap before
{Heap before GC invocations=38 (full 0):
 garbage-first heap   total 227328K, used 208949K [0x0000000080000000, 0x0000000100000000)
  region size 1024K, 78 young (79872K), 7 survivors (7168K)
 Metaspace       used 126089K, committed 128128K, reserved 1179648K
  class space    used 16320K, committed 17344K, reserved 1048576K
}
Event: 70.643 GC heap after
{Heap after GC invocations=39 (full 0):
 garbage-first heap   total 227328K, used 139329K [0x0000000080000000, 0x0000000100000000)
  region size 1024K, 5 young (5120K), 5 survivors (5120K)
 Metaspace       used 126089K, committed 128128K, reserved 1179648K
  class space    used 16320K, committed 17344K, reserved 1048576K
}
Event: 75.727 GC heap before
{Heap before GC invocations=39 (full 0):
 garbage-first heap   total 227328K, used 209985K [0x0000000080000000, 0x0000000100000000)
  region size 1024K, 73 young (74752K), 5 survivors (5120K)
 Metaspace       used 132946K, committed 135168K, reserved 1179648K
  class space    used 17198K, committed 18304K, reserved 1048576K
}
Event: 75.743 GC heap after
{Heap after GC invocations=40 (full 0):
 garbage-first heap   total 227328K, used 142724K [0x0000000080000000, 0x0000000100000000)
  region size 1024K, 7 young (7168K), 7 survivors (7168K)
 Metaspace       used 132946K, committed 135168K, reserved 1179648K
  class space    used 17198K, committed 18304K, reserved 1048576K
}
Event: 76.276 GC heap before
{Heap before GC invocations=40 (full 0):
 garbage-first heap   total 227328K, used 149892K [0x0000000080000000, 0x0000000100000000)
  region size 1024K, 15 young (15360K), 7 survivors (7168K)
 Metaspace       used 134360K, committed 136512K, reserved 1179648K
  class space    used 17356K, committed 18432K, reserved 1048576K
}
Event: 76.289 GC heap after
{Heap after GC invocations=41 (full 0):
 garbage-first heap   total 227328K, used 144297K [0x0000000080000000, 0x0000000100000000)
  region size 1024K, 5 young (5120K), 5 survivors (5120K)
 Metaspace       used 134360K, committed 136512K, reserved 1179648K
  class space    used 17356K, committed 18432K, reserved 1048576K
}
Event: 78.945 GC heap before
{Heap before GC invocations=42 (full 0):
 garbage-first heap   total 261120K, used 211881K [0x0000000080000000, 0x0000000100000000)
  region size 1024K, 66 young (67584K), 5 survivors (5120K)
 Metaspace       used 138115K, committed 140288K, reserved 1179648K
  class space    used 17844K, committed 18944K, reserved 1048576K
}
Event: 78.957 GC heap after
{Heap after GC invocations=43 (full 0):
 garbage-first heap   total 261120K, used 150008K [0x0000000080000000, 0x0000000100000000)
  region size 1024K, 9 young (9216K), 9 survivors (9216K)
 Metaspace       used 138115K, committed 140288K, reserved 1179648K
  class space    used 17844K, committed 18944K, reserved 1048576K
}
Event: 87.717 GC heap before
{Heap before GC invocations=43 (full 0):
 garbage-first heap   total 261120K, used 236024K [0x0000000080000000, 0x0000000100000000)
  region size 1024K, 90 young (92160K), 9 survivors (9216K)
 Metaspace       used 144806K, committed 147136K, reserved 1179648K
  class space    used 18778K, committed 19968K, reserved 1048576K
}
Event: 87.743 GC heap after
{Heap after GC invocations=44 (full 0):
 garbage-first heap   total 261120K, used 159288K [0x0000000080000000, 0x0000000100000000)
  region size 1024K, 12 young (12288K), 12 survivors (12288K)
 Metaspace       used 144806K, committed 147136K, reserved 1179648K
  class space    used 18778K, committed 19968K, reserved 1048576K
}
Event: 95.618 GC heap before
{Heap before GC invocations=44 (full 0):
 garbage-first heap   total 261120K, used 188984K [0x0000000080000000, 0x0000000100000000)
  region size 1024K, 42 young (43008K), 12 survivors (12288K)
 Metaspace       used 144947K, committed 147264K, reserved 1179648K
  class space    used 18788K, committed 19968K, reserved 1048576K
}
Event: 95.644 GC heap after
{Heap after GC invocations=45 (full 0):
 garbage-first heap   total 261120K, used 156047K [0x0000000080000000, 0x0000000100000000)
  region size 1024K, 5 young (5120K), 5 survivors (5120K)
 Metaspace       used 144947K, committed 147264K, reserved 1179648K
  class space    used 18788K, committed 19968K, reserved 1048576K
}
Event: 98.706 GC heap before
{Heap before GC invocations=46 (full 0):
 garbage-first heap   total 275456K, used 249231K [0x0000000080000000, 0x0000000100000000)
  region size 1024K, 81 young (82944K), 5 survivors (5120K)
 Metaspace       used 145324K, committed 147648K, reserved 1179648K
  class space    used 18804K, committed 19968K, reserved 1048576K
}
Event: 98.721 GC heap after
{Heap after GC invocations=47 (full 0):
 garbage-first heap   total 275456K, used 171452K [0x0000000080000000, 0x0000000100000000)
  region size 1024K, 11 young (11264K), 11 survivors (11264K)
 Metaspace       used 145324K, committed 147648K, reserved 1179648K
  class space    used 18804K, committed 19968K, reserved 1048576K
}
Event: 103.921 GC heap before
{Heap before GC invocations=47 (full 0):
 garbage-first heap   total 275456K, used 249276K [0x0000000080000000, 0x0000000100000000)
  region size 1024K, 87 young (89088K), 11 survivors (11264K)
 Metaspace       used 148881K, committed 151168K, reserved 1245184K
  class space    used 18995K, committed 20160K, reserved 1048576K
}
Event: 103.949 GC heap after
{Heap after GC invocations=48 (full 0):
 garbage-first heap   total 275456K, used 178371K [0x0000000080000000, 0x0000000100000000)
  region size 1024K, 11 young (11264K), 11 survivors (11264K)
 Metaspace       used 148881K, committed 151168K, reserved 1245184K
  class space    used 18995K, committed 20160K, reserved 1048576K
}
Event: 110.554 GC heap before
{Heap before GC invocations=48 (full 0):
 garbage-first heap   total 275456K, used 234691K [0x0000000080000000, 0x0000000100000000)
  region size 1024K, 67 young (68608K), 11 survivors (11264K)
 Metaspace       used 153525K, committed 155904K, reserved 1245184K
  class space    used 19574K, committed 20800K, reserved 1048576K
}
Event: 110.576 GC heap after
{Heap after GC invocations=49 (full 0):
 garbage-first heap   total 275456K, used 179668K [0x0000000080000000, 0x0000000100000000)
  region size 1024K, 3 young (3072K), 3 survivors (3072K)
 Metaspace       used 153525K, committed 155904K, reserved 1245184K
  class space    used 19574K, committed 20800K, reserved 1048576K
}

